[2024-03-30 11:37:52,907] multiqc                                            [DEBUG  ]  This is MultiQC v1.12
[2024-03-30 11:37:52,908] multiqc                                            [DEBUG  ]  No MultiQC config found: /sw/bioinfo/MultiQC/1.12/rackham/lib/python3.8/site-packages/multiqc_config.yaml
[2024-03-30 11:37:52,908] multiqc                                            [DEBUG  ]  No MultiQC config found: /home/matiab/.multiqc_config.yaml
[2024-03-30 11:37:52,909] multiqc                                            [DEBUG  ]  No MultiQC config found: multiqc_config.yaml
[2024-03-30 11:37:52,909] multiqc                                            [DEBUG  ]  Command used: /sw/bioinfo/MultiQC/1.12/snowy/bin/multiqc /home/matiab/1MB462_GenomeAnalysis/02_Preprocessing/Quality_Control/RNA_Untrimmed -p
[2024-03-30 11:37:53,188] multiqc                                            [WARNING]  MultiQC Version v1.21 now available!
[2024-03-30 11:37:53,188] multiqc                                            [DEBUG  ]  Command     : /sw/bioinfo/MultiQC/1.12/snowy/bin/multiqc /home/matiab/1MB462_GenomeAnalysis/02_Preprocessing/Quality_Control/RNA_Untrimmed -p
[2024-03-30 11:37:53,188] multiqc                                            [DEBUG  ]  Working dir : /domus/h1/matiab/1MB462_GenomeAnalysis/02_Preprocessing/Quality_Control/RNA_Untrimmed
[2024-03-30 11:37:53,188] multiqc                                            [DEBUG  ]  Template    : default
[2024-03-30 11:37:53,188] multiqc                                            [DEBUG  ]  Running Python 3.8.7 (default, Feb  1 2021, 11:54:01)  [GCC 8.3.0]
[2024-03-30 11:37:53,189] multiqc                                            [DEBUG  ]  Analysing modules: custom_content, ccs, ngsderive, purple, conpair, lima, peddy, somalier, methylQA, mosdepth, phantompeakqualtools, qualimap, preseq, quast, qorts, rna_seqc, rockhopper, rsem, rseqc, busco, bustools, goleft_indexcov, gffcompare, disambiguate, supernova, deeptools, sargasso, verifybamid, mirtrace, happy, mirtop, sambamba, homer, hops, macs2, theta2, snpeff, gatk, htseq, bcftools, featureCounts, fgbio, dragen, dedup, pbmarkdup, damageprofiler, biobambam2, jcvi, mtnucratio, picard, vep, sentieon, prokka, qc3C, nanostat, samblaster, samtools, sexdeterrmine, eigenstratdatabasetools, bamtools, jellyfish, vcftools, longranger, stacks, varscan2, snippy, bbmap, bismark, biscuit, hicexplorer, hicup, hicpro, salmon, kallisto, slamdunk, star, hisat2, tophat, bowtie2, bowtie1, snpsplit, odgi, pangolin, kat, leehom, adapterRemoval, clipandmerge, cutadapt, flexbar, kaiju, kraken, malt, trimmomatic, sickle, skewer, sortmerna, biobloomtools, fastq_screen, afterqc, fastp, fastqc, pychopper, pycoqc, minionqc, multivcfanalyzer, clusterflow, checkqc, bcl2fastq, bclconvert, interop, ivar, flash, seqyclean, optitype, whatshap
[2024-03-30 11:37:53,189] multiqc                                            [DEBUG  ]  Using temporary directory for creating report: /scratch/9229395/tmpr35nxaqe
[2024-03-30 11:37:53,372] multiqc                                            [INFO   ]  Search path : /home/matiab/1MB462_GenomeAnalysis/02_Preprocessing/Quality_Control/RNA_Untrimmed
[2024-03-30 11:37:53,440] multiqc                                            [DEBUG  ]  File ignored by ccs/v4 because it exceeded search pattern filesize limit: Site_D1_RNA_2_fastqc.html
[2024-03-30 11:37:53,447] multiqc                                            [DEBUG  ]  File ignored by hicexplorer because it exceeded search pattern filesize limit: Site_D1_RNA_2_fastqc.html
[2024-03-30 11:37:53,448] multiqc                                            [DEBUG  ]  File ignored by lima/summary because it exceeded search pattern filesize limit: Site_D1_RNA_2_fastqc.html
[2024-03-30 11:37:53,462] multiqc                                            [DEBUG  ]  File ignored by vep/vep_txt because it exceeded search pattern filesize limit: Site_D1_RNA_2_fastqc.html
[2024-03-30 11:37:53,463] multiqc                                            [DEBUG  ]  File ignored by longranger/invocation because it exceeded search pattern filesize limit: Site_D1_RNA_2_fastqc.html
[2024-03-30 11:37:53,540] multiqc                                            [DEBUG  ]  File ignored by nanostat because it exceeded search pattern filesize limit: Site_D1_RNA_2_fastqc.html
[2024-03-30 11:37:53,560] multiqc                                            [DEBUG  ]  File ignored by ccs/v4 because it exceeded search pattern filesize limit: Site_D1_RNA_1_fastqc.html
[2024-03-30 11:37:53,567] multiqc                                            [DEBUG  ]  File ignored by hicexplorer because it exceeded search pattern filesize limit: Site_D1_RNA_1_fastqc.html
[2024-03-30 11:37:53,567] multiqc                                            [DEBUG  ]  File ignored by lima/summary because it exceeded search pattern filesize limit: Site_D1_RNA_1_fastqc.html
[2024-03-30 11:37:53,590] multiqc                                            [DEBUG  ]  File ignored by vep/vep_txt because it exceeded search pattern filesize limit: Site_D1_RNA_1_fastqc.html
[2024-03-30 11:37:53,591] multiqc                                            [DEBUG  ]  File ignored by longranger/invocation because it exceeded search pattern filesize limit: Site_D1_RNA_1_fastqc.html
[2024-03-30 11:37:53,726] multiqc                                            [DEBUG  ]  File ignored by nanostat because it exceeded search pattern filesize limit: Site_D1_RNA_1_fastqc.html
[2024-03-30 11:37:53,750] multiqc                                            [DEBUG  ]  File ignored by ccs/v4 because it exceeded search pattern filesize limit: Site_D3_RNA_1_fastqc.html
[2024-03-30 11:37:53,758] multiqc                                            [DEBUG  ]  File ignored by hicexplorer because it exceeded search pattern filesize limit: Site_D3_RNA_1_fastqc.html
[2024-03-30 11:37:53,759] multiqc                                            [DEBUG  ]  File ignored by lima/summary because it exceeded search pattern filesize limit: Site_D3_RNA_1_fastqc.html
[2024-03-30 11:37:53,773] multiqc                                            [DEBUG  ]  File ignored by vep/vep_txt because it exceeded search pattern filesize limit: Site_D3_RNA_1_fastqc.html
[2024-03-30 11:37:53,774] multiqc                                            [DEBUG  ]  File ignored by longranger/invocation because it exceeded search pattern filesize limit: Site_D3_RNA_1_fastqc.html
[2024-03-30 11:37:53,858] multiqc                                            [DEBUG  ]  File ignored by nanostat because it exceeded search pattern filesize limit: Site_D3_RNA_1_fastqc.html
[2024-03-30 11:37:53,881] multiqc                                            [DEBUG  ]  File ignored by ccs/v4 because it exceeded search pattern filesize limit: Site_D3_RNA_2_fastqc.html
[2024-03-30 11:37:53,889] multiqc                                            [DEBUG  ]  File ignored by hicexplorer because it exceeded search pattern filesize limit: Site_D3_RNA_2_fastqc.html
[2024-03-30 11:37:53,889] multiqc                                            [DEBUG  ]  File ignored by lima/summary because it exceeded search pattern filesize limit: Site_D3_RNA_2_fastqc.html
[2024-03-30 11:37:53,904] multiqc                                            [DEBUG  ]  File ignored by vep/vep_txt because it exceeded search pattern filesize limit: Site_D3_RNA_2_fastqc.html
[2024-03-30 11:37:53,904] multiqc                                            [DEBUG  ]  File ignored by longranger/invocation because it exceeded search pattern filesize limit: Site_D3_RNA_2_fastqc.html
[2024-03-30 11:37:53,991] multiqc                                            [DEBUG  ]  File ignored by nanostat because it exceeded search pattern filesize limit: Site_D3_RNA_2_fastqc.html
[2024-03-30 11:37:54,553] multiqc.plots.linegraph                            [DEBUG  ]  Using matplotlib version 3.3.4
[2024-03-30 11:37:54,556] multiqc.plots.bargraph                             [DEBUG  ]  Using matplotlib version 3.3.4
[2024-03-30 11:37:54,827] multiqc.modules.fastqc.fastqc                      [INFO   ]  Found 4 reports
[2024-03-30 11:38:07,238] multiqc                                            [INFO   ]  Compressing plot data
[2024-03-30 11:38:07,361] multiqc                                            [INFO   ]  Report      : multiqc_report.html
[2024-03-30 11:38:07,362] multiqc                                            [INFO   ]  Data        : multiqc_data
[2024-03-30 11:38:07,362] multiqc                                            [DEBUG  ]  Moving data file from '/scratch/9229395/tmpr35nxaqe/multiqc_data' to '/domus/h1/matiab/1MB462_GenomeAnalysis/02_Preprocessing/Quality_Control/RNA_Untrimmed/multiqc_data'
[2024-03-30 11:38:07,398] multiqc                                            [INFO   ]  Plots       : multiqc_plots
[2024-03-30 11:38:07,398] multiqc                                            [DEBUG  ]  Moving plots directory from '/scratch/9229395/tmpr35nxaqe/multiqc_plots' to '/domus/h1/matiab/1MB462_GenomeAnalysis/02_Preprocessing/Quality_Control/RNA_Untrimmed/multiqc_plots'
[2024-03-30 11:38:07,674] multiqc                                            [INFO   ]  MultiQC complete
