[2024-03-30 11:18:14,782] multiqc                                            [DEBUG  ]  This is MultiQC v1.12
[2024-03-30 11:18:14,782] multiqc                                            [DEBUG  ]  No MultiQC config found: /sw/bioinfo/MultiQC/1.12/rackham/lib/python3.8/site-packages/multiqc_config.yaml
[2024-03-30 11:18:14,784] multiqc                                            [DEBUG  ]  No MultiQC config found: /home/matiab/.multiqc_config.yaml
[2024-03-30 11:18:14,784] multiqc                                            [DEBUG  ]  No MultiQC config found: multiqc_config.yaml
[2024-03-30 11:18:14,784] multiqc                                            [DEBUG  ]  Command used: /sw/bioinfo/MultiQC/1.12/snowy/bin/multiqc /home/matiab/1MB462_GenomeAnalysis/02_Preprocessing/Quality_Control/RNA_Trimmed -p
[2024-03-30 11:18:15,479] multiqc                                            [WARNING]  MultiQC Version v1.21 now available!
[2024-03-30 11:18:15,479] multiqc                                            [DEBUG  ]  Command     : /sw/bioinfo/MultiQC/1.12/snowy/bin/multiqc /home/matiab/1MB462_GenomeAnalysis/02_Preprocessing/Quality_Control/RNA_Trimmed -p
[2024-03-30 11:18:15,479] multiqc                                            [DEBUG  ]  Working dir : /domus/h1/matiab/1MB462_GenomeAnalysis/02_Preprocessing/Quality_Control/RNA_Trimmed
[2024-03-30 11:18:15,480] multiqc                                            [DEBUG  ]  Template    : default
[2024-03-30 11:18:15,480] multiqc                                            [DEBUG  ]  Running Python 3.8.7 (default, Feb  1 2021, 11:54:01)  [GCC 8.3.0]
[2024-03-30 11:18:15,480] multiqc                                            [DEBUG  ]  Analysing modules: custom_content, ccs, ngsderive, purple, conpair, lima, peddy, somalier, methylQA, mosdepth, phantompeakqualtools, qualimap, preseq, quast, qorts, rna_seqc, rockhopper, rsem, rseqc, busco, bustools, goleft_indexcov, gffcompare, disambiguate, supernova, deeptools, sargasso, verifybamid, mirtrace, happy, mirtop, sambamba, homer, hops, macs2, theta2, snpeff, gatk, htseq, bcftools, featureCounts, fgbio, dragen, dedup, pbmarkdup, damageprofiler, biobambam2, jcvi, mtnucratio, picard, vep, sentieon, prokka, qc3C, nanostat, samblaster, samtools, sexdeterrmine, eigenstratdatabasetools, bamtools, jellyfish, vcftools, longranger, stacks, varscan2, snippy, bbmap, bismark, biscuit, hicexplorer, hicup, hicpro, salmon, kallisto, slamdunk, star, hisat2, tophat, bowtie2, bowtie1, snpsplit, odgi, pangolin, kat, leehom, adapterRemoval, clipandmerge, cutadapt, flexbar, kaiju, kraken, malt, trimmomatic, sickle, skewer, sortmerna, biobloomtools, fastq_screen, afterqc, fastp, fastqc, pychopper, pycoqc, minionqc, multivcfanalyzer, clusterflow, checkqc, bcl2fastq, bclconvert, interop, ivar, flash, seqyclean, optitype, whatshap
[2024-03-30 11:18:15,481] multiqc                                            [DEBUG  ]  Using temporary directory for creating report: /scratch/9229394/tmp61o8y7yf
[2024-03-30 11:18:15,764] multiqc                                            [INFO   ]  Search path : /home/matiab/1MB462_GenomeAnalysis/02_Preprocessing/Quality_Control/RNA_Trimmed
[2024-03-30 11:18:15,820] multiqc                                            [DEBUG  ]  File ignored by ccs/v4 because it exceeded search pattern filesize limit: Site_D3_RNA_2.paired.trimmed_fastqc.html
[2024-03-30 11:18:15,827] multiqc                                            [DEBUG  ]  File ignored by hicexplorer because it exceeded search pattern filesize limit: Site_D3_RNA_2.paired.trimmed_fastqc.html
[2024-03-30 11:18:15,828] multiqc                                            [DEBUG  ]  File ignored by lima/summary because it exceeded search pattern filesize limit: Site_D3_RNA_2.paired.trimmed_fastqc.html
[2024-03-30 11:18:15,841] multiqc                                            [DEBUG  ]  File ignored by vep/vep_txt because it exceeded search pattern filesize limit: Site_D3_RNA_2.paired.trimmed_fastqc.html
[2024-03-30 11:18:15,842] multiqc                                            [DEBUG  ]  File ignored by longranger/invocation because it exceeded search pattern filesize limit: Site_D3_RNA_2.paired.trimmed_fastqc.html
[2024-03-30 11:18:15,913] multiqc                                            [DEBUG  ]  File ignored by nanostat because it exceeded search pattern filesize limit: Site_D3_RNA_2.paired.trimmed_fastqc.html
[2024-03-30 11:18:15,933] multiqc                                            [DEBUG  ]  File ignored by ccs/v4 because it exceeded search pattern filesize limit: Site_D3_RNA_1.paired.trimmed_fastqc.html
[2024-03-30 11:18:15,939] multiqc                                            [DEBUG  ]  File ignored by hicexplorer because it exceeded search pattern filesize limit: Site_D3_RNA_1.paired.trimmed_fastqc.html
[2024-03-30 11:18:15,940] multiqc                                            [DEBUG  ]  File ignored by lima/summary because it exceeded search pattern filesize limit: Site_D3_RNA_1.paired.trimmed_fastqc.html
[2024-03-30 11:18:15,952] multiqc                                            [DEBUG  ]  File ignored by vep/vep_txt because it exceeded search pattern filesize limit: Site_D3_RNA_1.paired.trimmed_fastqc.html
[2024-03-30 11:18:15,952] multiqc                                            [DEBUG  ]  File ignored by longranger/invocation because it exceeded search pattern filesize limit: Site_D3_RNA_1.paired.trimmed_fastqc.html
[2024-03-30 11:18:16,023] multiqc                                            [DEBUG  ]  File ignored by nanostat because it exceeded search pattern filesize limit: Site_D3_RNA_1.paired.trimmed_fastqc.html
[2024-03-30 11:18:16,043] multiqc                                            [DEBUG  ]  File ignored by ccs/v4 because it exceeded search pattern filesize limit: Site_D1_RNA_1.paired.trimmed_fastqc.html
[2024-03-30 11:18:16,049] multiqc                                            [DEBUG  ]  File ignored by hicexplorer because it exceeded search pattern filesize limit: Site_D1_RNA_1.paired.trimmed_fastqc.html
[2024-03-30 11:18:16,050] multiqc                                            [DEBUG  ]  File ignored by lima/summary because it exceeded search pattern filesize limit: Site_D1_RNA_1.paired.trimmed_fastqc.html
[2024-03-30 11:18:16,062] multiqc                                            [DEBUG  ]  File ignored by vep/vep_txt because it exceeded search pattern filesize limit: Site_D1_RNA_1.paired.trimmed_fastqc.html
[2024-03-30 11:18:16,062] multiqc                                            [DEBUG  ]  File ignored by longranger/invocation because it exceeded search pattern filesize limit: Site_D1_RNA_1.paired.trimmed_fastqc.html
[2024-03-30 11:18:16,134] multiqc                                            [DEBUG  ]  File ignored by nanostat because it exceeded search pattern filesize limit: Site_D1_RNA_1.paired.trimmed_fastqc.html
[2024-03-30 11:18:16,152] multiqc                                            [DEBUG  ]  File ignored by ccs/v4 because it exceeded search pattern filesize limit: Site_D1_RNA_2.paired.trimmed_fastqc.html
[2024-03-30 11:18:16,158] multiqc                                            [DEBUG  ]  File ignored by hicexplorer because it exceeded search pattern filesize limit: Site_D1_RNA_2.paired.trimmed_fastqc.html
[2024-03-30 11:18:16,159] multiqc                                            [DEBUG  ]  File ignored by lima/summary because it exceeded search pattern filesize limit: Site_D1_RNA_2.paired.trimmed_fastqc.html
[2024-03-30 11:18:16,172] multiqc                                            [DEBUG  ]  File ignored by vep/vep_txt because it exceeded search pattern filesize limit: Site_D1_RNA_2.paired.trimmed_fastqc.html
[2024-03-30 11:18:16,172] multiqc                                            [DEBUG  ]  File ignored by longranger/invocation because it exceeded search pattern filesize limit: Site_D1_RNA_2.paired.trimmed_fastqc.html
[2024-03-30 11:18:16,241] multiqc                                            [DEBUG  ]  File ignored by nanostat because it exceeded search pattern filesize limit: Site_D1_RNA_2.paired.trimmed_fastqc.html
[2024-03-30 11:18:17,418] multiqc.plots.linegraph                            [DEBUG  ]  Using matplotlib version 3.3.4
[2024-03-30 11:18:17,424] multiqc.plots.bargraph                             [DEBUG  ]  Using matplotlib version 3.3.4
[2024-03-30 11:18:17,816] multiqc.modules.fastqc.fastqc                      [INFO   ]  Found 4 reports
[2024-03-30 11:18:32,325] multiqc                                            [INFO   ]  Compressing plot data
[2024-03-30 11:18:32,439] multiqc                                            [INFO   ]  Report      : multiqc_report.html
[2024-03-30 11:18:32,439] multiqc                                            [INFO   ]  Data        : multiqc_data
[2024-03-30 11:18:32,439] multiqc                                            [DEBUG  ]  Moving data file from '/scratch/9229394/tmp61o8y7yf/multiqc_data' to '/domus/h1/matiab/1MB462_GenomeAnalysis/02_Preprocessing/Quality_Control/RNA_Trimmed/multiqc_data'
[2024-03-30 11:18:32,476] multiqc                                            [INFO   ]  Plots       : multiqc_plots
[2024-03-30 11:18:32,476] multiqc                                            [DEBUG  ]  Moving plots directory from '/scratch/9229394/tmp61o8y7yf/multiqc_plots' to '/domus/h1/matiab/1MB462_GenomeAnalysis/02_Preprocessing/Quality_Control/RNA_Trimmed/multiqc_plots'
[2024-03-30 11:18:32,962] multiqc                                            [INFO   ]  MultiQC complete
