[2024-03-30 11:37:02,690] multiqc                                            [DEBUG  ]  This is MultiQC v1.12
[2024-03-30 11:37:02,690] multiqc                                            [DEBUG  ]  No MultiQC config found: /sw/bioinfo/MultiQC/1.12/rackham/lib/python3.8/site-packages/multiqc_config.yaml
[2024-03-30 11:37:02,692] multiqc                                            [DEBUG  ]  No MultiQC config found: /home/matiab/.multiqc_config.yaml
[2024-03-30 11:37:02,692] multiqc                                            [DEBUG  ]  No MultiQC config found: multiqc_config.yaml
[2024-03-30 11:37:02,692] multiqc                                            [DEBUG  ]  Command used: /sw/bioinfo/MultiQC/1.12/snowy/bin/multiqc /home/matiab/1MB462_GenomeAnalysis/02_Preprocessing/Quality_Control/DNA_Trimmed -p
[2024-03-30 11:37:03,318] multiqc                                            [WARNING]  MultiQC Version v1.21 now available!
[2024-03-30 11:37:03,319] multiqc                                            [DEBUG  ]  Command     : /sw/bioinfo/MultiQC/1.12/snowy/bin/multiqc /home/matiab/1MB462_GenomeAnalysis/02_Preprocessing/Quality_Control/DNA_Trimmed -p
[2024-03-30 11:37:03,319] multiqc                                            [DEBUG  ]  Working dir : /domus/h1/matiab/1MB462_GenomeAnalysis/02_Preprocessing/Quality_Control/DNA_Trimmed
[2024-03-30 11:37:03,319] multiqc                                            [DEBUG  ]  Template    : default
[2024-03-30 11:37:03,319] multiqc                                            [DEBUG  ]  Running Python 3.8.7 (default, Feb  1 2021, 11:54:01)  [GCC 8.3.0]
[2024-03-30 11:37:03,320] multiqc                                            [DEBUG  ]  Analysing modules: custom_content, ccs, ngsderive, purple, conpair, lima, peddy, somalier, methylQA, mosdepth, phantompeakqualtools, qualimap, preseq, quast, qorts, rna_seqc, rockhopper, rsem, rseqc, busco, bustools, goleft_indexcov, gffcompare, disambiguate, supernova, deeptools, sargasso, verifybamid, mirtrace, happy, mirtop, sambamba, homer, hops, macs2, theta2, snpeff, gatk, htseq, bcftools, featureCounts, fgbio, dragen, dedup, pbmarkdup, damageprofiler, biobambam2, jcvi, mtnucratio, picard, vep, sentieon, prokka, qc3C, nanostat, samblaster, samtools, sexdeterrmine, eigenstratdatabasetools, bamtools, jellyfish, vcftools, longranger, stacks, varscan2, snippy, bbmap, bismark, biscuit, hicexplorer, hicup, hicpro, salmon, kallisto, slamdunk, star, hisat2, tophat, bowtie2, bowtie1, snpsplit, odgi, pangolin, kat, leehom, adapterRemoval, clipandmerge, cutadapt, flexbar, kaiju, kraken, malt, trimmomatic, sickle, skewer, sortmerna, biobloomtools, fastq_screen, afterqc, fastp, fastqc, pychopper, pycoqc, minionqc, multivcfanalyzer, clusterflow, checkqc, bcl2fastq, bclconvert, interop, ivar, flash, seqyclean, optitype, whatshap
[2024-03-30 11:37:03,320] multiqc                                            [DEBUG  ]  Using temporary directory for creating report: /scratch/9229395/tmpz1qajcpo
[2024-03-30 11:37:03,544] multiqc                                            [INFO   ]  Search path : /home/matiab/1MB462_GenomeAnalysis/02_Preprocessing/Quality_Control/DNA_Trimmed
[2024-03-30 11:37:03,604] multiqc                                            [DEBUG  ]  File ignored by ccs/v4 because it exceeded search pattern filesize limit: Site_D1_DNA_2.paired.trimmed_fastqc.html
[2024-03-30 11:37:03,610] multiqc                                            [DEBUG  ]  File ignored by hicexplorer because it exceeded search pattern filesize limit: Site_D1_DNA_2.paired.trimmed_fastqc.html
[2024-03-30 11:37:03,611] multiqc                                            [DEBUG  ]  File ignored by lima/summary because it exceeded search pattern filesize limit: Site_D1_DNA_2.paired.trimmed_fastqc.html
[2024-03-30 11:37:03,622] multiqc                                            [DEBUG  ]  File ignored by vep/vep_txt because it exceeded search pattern filesize limit: Site_D1_DNA_2.paired.trimmed_fastqc.html
[2024-03-30 11:37:03,623] multiqc                                            [DEBUG  ]  File ignored by longranger/invocation because it exceeded search pattern filesize limit: Site_D1_DNA_2.paired.trimmed_fastqc.html
[2024-03-30 11:37:03,693] multiqc                                            [DEBUG  ]  File ignored by nanostat because it exceeded search pattern filesize limit: Site_D1_DNA_2.paired.trimmed_fastqc.html
[2024-03-30 11:37:03,714] multiqc                                            [DEBUG  ]  File ignored by ccs/v4 because it exceeded search pattern filesize limit: Site_D1_DNA_1.paired.trimmed_fastqc.html
[2024-03-30 11:37:03,720] multiqc                                            [DEBUG  ]  File ignored by hicexplorer because it exceeded search pattern filesize limit: Site_D1_DNA_1.paired.trimmed_fastqc.html
[2024-03-30 11:37:03,721] multiqc                                            [DEBUG  ]  File ignored by lima/summary because it exceeded search pattern filesize limit: Site_D1_DNA_1.paired.trimmed_fastqc.html
[2024-03-30 11:37:03,733] multiqc                                            [DEBUG  ]  File ignored by vep/vep_txt because it exceeded search pattern filesize limit: Site_D1_DNA_1.paired.trimmed_fastqc.html
[2024-03-30 11:37:03,733] multiqc                                            [DEBUG  ]  File ignored by longranger/invocation because it exceeded search pattern filesize limit: Site_D1_DNA_1.paired.trimmed_fastqc.html
[2024-03-30 11:37:03,807] multiqc                                            [DEBUG  ]  File ignored by nanostat because it exceeded search pattern filesize limit: Site_D1_DNA_1.paired.trimmed_fastqc.html
[2024-03-30 11:37:03,824] multiqc                                            [DEBUG  ]  File ignored by ccs/v4 because it exceeded search pattern filesize limit: Site_D3_DNA_1.paired.trimmed_fastqc.html
[2024-03-30 11:37:03,829] multiqc                                            [DEBUG  ]  File ignored by hicexplorer because it exceeded search pattern filesize limit: Site_D3_DNA_1.paired.trimmed_fastqc.html
[2024-03-30 11:37:03,830] multiqc                                            [DEBUG  ]  File ignored by lima/summary because it exceeded search pattern filesize limit: Site_D3_DNA_1.paired.trimmed_fastqc.html
[2024-03-30 11:37:03,840] multiqc                                            [DEBUG  ]  File ignored by vep/vep_txt because it exceeded search pattern filesize limit: Site_D3_DNA_1.paired.trimmed_fastqc.html
[2024-03-30 11:37:03,840] multiqc                                            [DEBUG  ]  File ignored by longranger/invocation because it exceeded search pattern filesize limit: Site_D3_DNA_1.paired.trimmed_fastqc.html
[2024-03-30 11:37:03,910] multiqc                                            [DEBUG  ]  File ignored by nanostat because it exceeded search pattern filesize limit: Site_D3_DNA_1.paired.trimmed_fastqc.html
[2024-03-30 11:37:03,930] multiqc                                            [DEBUG  ]  File ignored by ccs/v4 because it exceeded search pattern filesize limit: Site_D3_DNA_2.paired.trimmed_fastqc.html
[2024-03-30 11:37:03,935] multiqc                                            [DEBUG  ]  File ignored by hicexplorer because it exceeded search pattern filesize limit: Site_D3_DNA_2.paired.trimmed_fastqc.html
[2024-03-30 11:37:03,936] multiqc                                            [DEBUG  ]  File ignored by lima/summary because it exceeded search pattern filesize limit: Site_D3_DNA_2.paired.trimmed_fastqc.html
[2024-03-30 11:37:03,946] multiqc                                            [DEBUG  ]  File ignored by vep/vep_txt because it exceeded search pattern filesize limit: Site_D3_DNA_2.paired.trimmed_fastqc.html
[2024-03-30 11:37:03,946] multiqc                                            [DEBUG  ]  File ignored by longranger/invocation because it exceeded search pattern filesize limit: Site_D3_DNA_2.paired.trimmed_fastqc.html
[2024-03-30 11:37:04,015] multiqc                                            [DEBUG  ]  File ignored by nanostat because it exceeded search pattern filesize limit: Site_D3_DNA_2.paired.trimmed_fastqc.html
[2024-03-30 11:37:04,552] multiqc.plots.linegraph                            [DEBUG  ]  Using matplotlib version 3.3.4
[2024-03-30 11:37:04,553] multiqc.plots.bargraph                             [DEBUG  ]  Using matplotlib version 3.3.4
[2024-03-30 11:37:04,803] multiqc.modules.fastqc.fastqc                      [INFO   ]  Found 4 reports
[2024-03-30 11:37:15,860] multiqc                                            [INFO   ]  Compressing plot data
[2024-03-30 11:37:15,963] multiqc                                            [INFO   ]  Report      : multiqc_report.html
[2024-03-30 11:37:15,964] multiqc                                            [INFO   ]  Data        : multiqc_data
[2024-03-30 11:37:15,964] multiqc                                            [DEBUG  ]  Moving data file from '/scratch/9229395/tmpz1qajcpo/multiqc_data' to '/domus/h1/matiab/1MB462_GenomeAnalysis/02_Preprocessing/Quality_Control/DNA_Trimmed/multiqc_data'
[2024-03-30 11:37:15,983] multiqc                                            [INFO   ]  Plots       : multiqc_plots
[2024-03-30 11:37:15,983] multiqc                                            [DEBUG  ]  Moving plots directory from '/scratch/9229395/tmpz1qajcpo/multiqc_plots' to '/domus/h1/matiab/1MB462_GenomeAnalysis/02_Preprocessing/Quality_Control/DNA_Trimmed/multiqc_plots'
[2024-03-30 11:37:16,212] multiqc                                            [INFO   ]  MultiQC complete
